<?xml version="1.0" encoding="UTF-8"?>
<!-- Generated by org.testng.reporters.JUnitReportReporter -->
<testsuite hostname="LAPTOP-5D19A40K" failures="0" tests="1" name="testngpack.pratik" time="0.012" errors="0" timestamp="2022-06-04T08:49:01 IST" skipped="0">
  <testcase classname="testngpack.pratik" name="B" time="0.012"/>
  <system-out>
    <![CDATA[B method called]]>
  </system-out>
</testsuite> <!-- testngpack.pratik -->
