<?xml version="1.0" encoding="UTF-8"?>
<!-- Generated by org.testng.reporters.JUnitReportReporter -->
<testsuite hostname="LAPTOP-5D19A40K" failures="0" tests="12" name="TestNGFlag.Flag7" time="0.025" errors="0" timestamp="2022-06-08T08:21:05 IST" skipped="0">
  <testcase classname="TestNGFlag.Flag7" name="It2" time="0.001"/>
  <system-out>
    <![CDATA[it2]]>
  </system-out>
  <testcase classname="TestNGFlag.Flag7" name="It6" time="0.001"/>
  <system-out>
    <![CDATA[it6]]>
  </system-out>
  <testcase classname="TestNGFlag.Flag7" name="It1" time="0.013"/>
  <system-out>
    <![CDATA[ft1]]>
  </system-out>
  <testcase classname="TestNGFlag.Flag7" name="ft2" time="0.001"/>
  <system-out>
    <![CDATA[ft2]]>
  </system-out>
  <testcase classname="TestNGFlag.Flag7" name="ft3" time="0.001"/>
  <system-out>
    <![CDATA[ft3]]>
  </system-out>
  <testcase classname="TestNGFlag.Flag7" name="ft4" time="0.002"/>
  <system-out>
    <![CDATA[ft4]]>
  </system-out>
  <testcase classname="TestNGFlag.Flag7" name="ft6" time="0.001"/>
  <system-out>
    <![CDATA[ft6]]>
  </system-out>
  <testcase classname="TestNGFlag.Flag7" name="It5" time="0.001"/>
  <system-out>
    <![CDATA[it5]]>
  </system-out>
  <testcase classname="TestNGFlag.Flag7" name="ft5" time="0.001"/>
  <system-out>
    <![CDATA[ft5]]>
  </system-out>
  <testcase classname="TestNGFlag.Flag7" name="ft1" time="0.001"/>
  <system-out>
    <![CDATA[ft1]]>
  </system-out>
  <testcase classname="TestNGFlag.Flag7" name="It3" time="0.001"/>
  <system-out>
    <![CDATA[it3]]>
  </system-out>
  <testcase classname="TestNGFlag.Flag7" name="It4" time="0.001"/>
  <system-out>
    <![CDATA[it4]]>
  </system-out>
</testsuite> <!-- TestNGFlag.Flag7 -->
