<?xml version="1.0" encoding="UTF-8"?>
<!-- Generated by org.testng.reporters.JUnitReportReporter -->
<testsuite hostname="LAPTOP-5D19A40K" failures="0" tests="1" name="testngpack.tushar" time="0.001" errors="0" timestamp="2022-06-04T08:49:01 IST" skipped="0">
  <testcase classname="testngpack.tushar" name="C" time="0.001"/>
  <system-out>
    <![CDATA[c method called]]>
  </system-out>
</testsuite> <!-- testngpack.tushar -->
