<?xml version="1.0" encoding="UTF-8"?>
<!-- Generated by org.testng.reporters.JUnitReportReporter -->
<testsuite hostname="LAPTOP-5D19A40K" failures="0" tests="5" name="DataProvider.dataProvider" time="19.515" errors="0" timestamp="2022-06-10T09:00:46 IST" skipped="0">
  <testcase classname="DataProvider.dataProvider" name="loginToActiTime" time="3.601"/>
  <system-out/>
  <testcase classname="DataProvider.dataProvider" name="loginToActiTime" time="4.995"/>
  <system-out/>
  <testcase classname="DataProvider.dataProvider" name="loginToActiTime" time="3.588"/>
  <system-out/>
  <testcase classname="DataProvider.dataProvider" name="loginToActiTime" time="3.766"/>
  <system-out/>
  <testcase classname="DataProvider.dataProvider" name="loginToActiTime" time="3.565"/>
  <system-out/>
</testsuite> <!-- DataProvider.dataProvider -->
