<?xml version="1.0" encoding="UTF-8"?>
<!-- Generated by org.testng.reporters.JUnitReportReporter -->
<testsuite hostname="LAPTOP-5D19A40K" failures="0" tests="1" name="Asserstion.OrangeHrmLogin" time="18.385" errors="0" timestamp="2022-06-08T09:38:25 IST" skipped="0">
  <testcase classname="Asserstion.OrangeHrmLogin" name="testCase" time="18.385"/>
  <system-out>
    <![CDATA[create user
create contact]]>
  </system-out>
</testsuite> <!-- Asserstion.OrangeHrmLogin -->
